Build started 18-07-2016 13:59:40.
     1>Project "C:\Users\Administrator.MCS-337\Desktop\Crypto\Crypto\Crypto\Crypto.vcxproj" on node 2 (build target(s)).
     1>InitializeBuildStatus:
         Creating "Debug\Crypto.unsuccessfulbuild" because "AlwaysCreate" was specified.
       GenerateTargetFrameworkMonikerAttribute:
       Skipping target "GenerateTargetFrameworkMonikerAttribute" because all output files are up-to-date with respect to the input files.
       ClCompile:
         All outputs are up-to-date.
         C:\Program Files (x86)\Microsoft Visual Studio 10.0\VC\bin\CL.exe /c /AI"C:\Program Files (x86)\Reference Assemblies\Microsoft\Framework\.NETFramework\v4.0" /Zi /clr:pure /nologo /W3 /WX- /Od /Oy- /D WIN32 /D _DEBUG /D _UNICODE /D UNICODE /EHa /MDd /GS /fp:precise /Zc:wchar_t /Zc:forScope /Fo"Debug\\" /Fd"Debug\vc100.pdb" /TP /FU"C:\Program Files (x86)\Reference Assemblies\Microsoft\Framework\.NETFramework\v4.0\System.Core.dll" /FU"C:\Program Files (x86)\Reference Assemblies\Microsoft\Framework\.NETFramework\v4.0\System.Data.dll" /FU"C:\Program Files (x86)\Reference Assemblies\Microsoft\Framework\.NETFramework\v4.0\System.dll" /FU"C:\Program Files (x86)\Reference Assemblies\Microsoft\Framework\.NETFramework\v4.0\System.Drawing.dll" /FU"C:\Program Files (x86)\Reference Assemblies\Microsoft\Framework\.NETFramework\v4.0\System.Windows.Forms.dll" /FU"C:\Program Files (x86)\Reference Assemblies\Microsoft\Framework\.NETFramework\v4.0\System.Xml.dll" /analyze- /errorReport:prompt Crypto.cpp Form2.cpp /clr:nostdlib 
         Crypto.cpp
         Automatically linking to WS2_32.lib
         Form2.cpp
         Generating Code...
         All outputs are up-to-date.
       CoreResGen:
         "C:\Program Files (x86)\Microsoft SDKs\Windows\v7.0A\bin\NETFX 4.0 Tools\resgen.exe" /useSourcePath /r:"C:\Program Files (x86)\Reference Assemblies\Microsoft\Framework\.NETFramework\v4.0\System.Core.dll" /r:"C:\Program Files (x86)\Reference Assemblies\Microsoft\Framework\.NETFramework\v4.0\System.Data.dll" /r:"C:\Program Files (x86)\Reference Assemblies\Microsoft\Framework\.NETFramework\v4.0\System.dll" /r:"C:\Program Files (x86)\Reference Assemblies\Microsoft\Framework\.NETFramework\v4.0\System.Drawing.dll" /r:"C:\Program Files (x86)\Reference Assemblies\Microsoft\Framework\.NETFramework\v4.0\System.Windows.Forms.dll" /r:"C:\Program Files (x86)\Reference Assemblies\Microsoft\Framework\.NETFramework\v4.0\System.Xml.dll" /compile Form1.resX,Debug\Crypto.Form1.resources Form2.resx,Debug\Crypto.Form2.resources
         Processing resource file "Form1.resX" into "Debug\Crypto.Form1.resources".
         Processing resource file "Form2.resx" into "Debug\Crypto.Form2.resources".
       ResourceCompile:
         All outputs are up-to-date.
       Link:
         C:\Program Files (x86)\Microsoft Visual Studio 10.0\VC\bin\link.exe /ERRORREPORT:PROMPT /OUT:"C:\Users\Administrator.MCS-337\Desktop\Crypto\Crypto\Debug\Crypto.exe" /INCREMENTAL:NO /NOLOGO /ASSEMBLYRESOURCE:Debug\Crypto.Form1.resources /ASSEMBLYRESOURCE:Debug\Crypto.Form2.resources /MANIFEST /ManifestFile:"Debug\Crypto.exe.intermediate.manifest" /MANIFESTUAC:"level='asInvoker' uiAccess='false'" /DEBUG /PDB:"C:\Users\Administrator.MCS-337\Desktop\Crypto\Crypto\Debug\Crypto.pdb" /ASSEMBLYDEBUG /SUBSYSTEM:WINDOWS /TLBID:1 /ENTRY:"main" /DYNAMICBASE /FIXED:NO /NXCOMPAT /MACHINE:X86 Debug\app.res
         Debug\AssemblyInfo.obj
         Debug\Crypto.obj
         Debug\Form2.obj
         Debug\stdafx.obj
         Debug\udpsocket.obj
         "Debug\.NETFramework,Version=v4.0.AssemblyAttributes.obj"
         Crypto.vcxproj -> C:\Users\Administrator.MCS-337\Desktop\Crypto\Crypto\Debug\Crypto.exe
       Manifest:
         C:\Program Files (x86)\Microsoft SDKs\Windows\v7.0A\bin\mt.exe /nologo /verbose /outputresource:"C:\Users\Administrator.MCS-337\Desktop\Crypto\Crypto\Debug\Crypto.exe;#1" /manifest Debug\Crypto.exe.intermediate.manifest
       FinalizeBuildStatus:
         Deleting file "Debug\Crypto.unsuccessfulbuild".
         Touching "Debug\Crypto.lastbuildstate".
     1>Done Building Project "C:\Users\Administrator.MCS-337\Desktop\Crypto\Crypto\Crypto\Crypto.vcxproj" (build target(s)).

Build succeeded.

Time Elapsed 00:00:02.70
